[debug] [2025-09-10T18:14:05.744Z] ----------------------------------------------------------------------
[debug] [2025-09-10T18:14:05.758Z] Command:       C:\Program Files\nodejs\node.exe C:\Users\admin\AppData\Roaming\npm\node_modules\firebase-tools\lib\bin\firebase.js deploy --only functions
[debug] [2025-09-10T18:14:05.759Z] CLI Version:   14.15.2
[debug] [2025-09-10T18:14:05.759Z] Platform:      win32
[debug] [2025-09-10T18:14:05.759Z] Node Version:  v22.19.0
[debug] [2025-09-10T18:14:05.760Z] Time:          Thu Sep 11 2025 02:14:05 GMT+0800 (Philippine Standard Time)
[debug] [2025-09-10T18:14:05.760Z] ----------------------------------------------------------------------
[debug] 
[debug] [2025-09-10T18:14:06.504Z] > command requires scopes: ["email","openid","https://www.googleapis.com/auth/cloudplatformprojects.readonly","https://www.googleapis.com/auth/firebase","https://www.googleapis.com/auth/cloud-platform"]
[debug] [2025-09-10T18:14:06.505Z] > authorizing via signed-in user (johnrichmagbanua018@gmail.com)
[debug] [2025-09-10T18:14:06.505Z] [iam] checking project fitquest-6fb1b for permissions ["cloudfunctions.functions.create","cloudfunctions.functions.delete","cloudfunctions.functions.get","cloudfunctions.functions.list","cloudfunctions.functions.update","cloudfunctions.operations.get","firebase.projects.get"]
[debug] [2025-09-10T18:14:06.541Z] Checked if tokens are valid: true, expires at: 1757530866714
[debug] [2025-09-10T18:14:06.541Z] Checked if tokens are valid: true, expires at: 1757530866714
[debug] [2025-09-10T18:14:06.543Z] >>> [apiv2][query] POST https://cloudresourcemanager.googleapis.com/v1/projects/fitquest-6fb1b:testIamPermissions [none]
[debug] [2025-09-10T18:14:06.543Z] >>> [apiv2][(partial)header] POST https://cloudresourcemanager.googleapis.com/v1/projects/fitquest-6fb1b:testIamPermissions x-goog-quota-user=projects/fitquest-6fb1b
[debug] [2025-09-10T18:14:06.543Z] >>> [apiv2][body] POST https://cloudresourcemanager.googleapis.com/v1/projects/fitquest-6fb1b:testIamPermissions {"permissions":["cloudfunctions.functions.create","cloudfunctions.functions.delete","cloudfunctions.functions.get","cloudfunctions.functions.list","cloudfunctions.functions.update","cloudfunctions.operations.get","firebase.projects.get"]}
[debug] [2025-09-10T18:14:10.052Z] <<< [apiv2][status] POST https://cloudresourcemanager.googleapis.com/v1/projects/fitquest-6fb1b:testIamPermissions 200
[debug] [2025-09-10T18:14:10.053Z] <<< [apiv2][body] POST https://cloudresourcemanager.googleapis.com/v1/projects/fitquest-6fb1b:testIamPermissions {"permissions":["cloudfunctions.functions.create","cloudfunctions.functions.delete","cloudfunctions.functions.get","cloudfunctions.functions.list","cloudfunctions.functions.update","cloudfunctions.operations.get","firebase.projects.get"]}
[debug] [2025-09-10T18:14:10.053Z] Checked if tokens are valid: true, expires at: 1757530866714
[debug] [2025-09-10T18:14:10.053Z] Checked if tokens are valid: true, expires at: 1757530866714
[debug] [2025-09-10T18:14:10.054Z] >>> [apiv2][query] POST https://iam.googleapis.com/v1/projects/fitquest-6fb1b/serviceAccounts/fitquest-6fb1b@appspot.gserviceaccount.com:testIamPermissions [none]
[debug] [2025-09-10T18:14:10.054Z] >>> [apiv2][body] POST https://iam.googleapis.com/v1/projects/fitquest-6fb1b/serviceAccounts/fitquest-6fb1b@appspot.gserviceaccount.com:testIamPermissions {"permissions":["iam.serviceAccounts.actAs"]}
[debug] [2025-09-10T18:14:11.232Z] <<< [apiv2][status] POST https://iam.googleapis.com/v1/projects/fitquest-6fb1b/serviceAccounts/fitquest-6fb1b@appspot.gserviceaccount.com:testIamPermissions 200
[debug] [2025-09-10T18:14:11.233Z] <<< [apiv2][body] POST https://iam.googleapis.com/v1/projects/fitquest-6fb1b/serviceAccounts/fitquest-6fb1b@appspot.gserviceaccount.com:testIamPermissions {"permissions":["iam.serviceAccounts.actAs"]}
[info] 
[info] === Deploying to 'fitquest-6fb1b'...
[info] 
[info] i  deploying functions 
[info] Running command: npm --prefix "$RESOURCE_DIR" run lint
[info] +  functions: Finished running predeploy script. 
[debug] [2025-09-10T18:14:14.472Z] Checked if tokens are valid: true, expires at: 1757530866714
[debug] [2025-09-10T18:14:14.472Z] Checked if tokens are valid: true, expires at: 1757530866714
[debug] [2025-09-10T18:14:14.472Z] >>> [apiv2][query] GET https://cloudresourcemanager.googleapis.com/v1/projects/fitquest-6fb1b [none]
[debug] [2025-09-10T18:14:14.699Z] <<< [apiv2][status] GET https://cloudresourcemanager.googleapis.com/v1/projects/fitquest-6fb1b 200
[debug] [2025-09-10T18:14:14.699Z] <<< [apiv2][body] GET https://cloudresourcemanager.googleapis.com/v1/projects/fitquest-6fb1b {"projectNumber":"685429381478","projectId":"fitquest-6fb1b","lifecycleState":"ACTIVE","name":"FitQuest","labels":{"firebase":"enabled","firebase-core":"disabled","generative-language":"enabled"},"createTime":"2025-09-10T14:07:30.836231Z"}
[info] i  functions: preparing codebase default for deployment 
[info] i  functions: ensuring required API cloudfunctions.googleapis.com is enabled... 
[info] i  functions: ensuring required API cloudbuild.googleapis.com is enabled... 
[info] i  artifactregistry: ensuring required API artifactregistry.googleapis.com is enabled... 
[debug] [2025-09-10T18:14:14.719Z] Checked if tokens are valid: true, expires at: 1757530866714
[debug] [2025-09-10T18:14:14.719Z] Checked if tokens are valid: true, expires at: 1757530866714
[debug] [2025-09-10T18:14:14.719Z] >>> [apiv2][query] GET https://firebase.googleapis.com/v1beta1/projects/fitquest-6fb1b/adminSdkConfig [none]
[debug] [2025-09-10T18:14:15.058Z] <<< [apiv2][status] GET https://firebase.googleapis.com/v1beta1/projects/fitquest-6fb1b/adminSdkConfig 200
[debug] [2025-09-10T18:14:15.058Z] <<< [apiv2][body] GET https://firebase.googleapis.com/v1beta1/projects/fitquest-6fb1b/adminSdkConfig {"projectId":"fitquest-6fb1b","storageBucket":"fitquest-6fb1b.firebasestorage.app"}
[debug] [2025-09-10T18:14:15.058Z] Checked if tokens are valid: true, expires at: 1757530866714
[debug] [2025-09-10T18:14:15.059Z] Checked if tokens are valid: true, expires at: 1757530866714
[debug] [2025-09-10T18:14:15.059Z] >>> [apiv2][query] GET https://runtimeconfig.googleapis.com/v1beta1/projects/fitquest-6fb1b/configs [none]
[debug] [2025-09-10T18:14:15.400Z] <<< [apiv2][status] GET https://runtimeconfig.googleapis.com/v1beta1/projects/fitquest-6fb1b/configs 200
[debug] [2025-09-10T18:14:15.400Z] <<< [apiv2][body] GET https://runtimeconfig.googleapis.com/v1beta1/projects/fitquest-6fb1b/configs {}
[debug] [2025-09-10T18:14:15.402Z] Validating nodejs source
[debug] [2025-09-10T18:14:17.033Z] > [functions] package.json contents: {
  "name": "functions",
  "description": "Cloud Functions for Firebase",
  "scripts": {
    "lint": "eslint .",
    "serve": "firebase emulators:start --only functions",
    "shell": "firebase functions:shell",
    "start": "npm run shell",
    "deploy": "firebase deploy --only functions",
    "logs": "firebase functions:log"
  },
  "engines": {
    "node": "22"
  },
  "main": "index.js",
  "dependencies": {
    "firebase-admin": "^13.5.0",
    "firebase-functions": "^6.4.0"
  },
  "devDependencies": {
    "eslint": "^8.15.0",
    "eslint-config-google": "^0.14.0",
    "firebase-functions-test": "^3.1.0"
  },
  "private": true
}
[debug] [2025-09-10T18:14:17.033Z] Building nodejs source
[info] i  functions: Loading and analyzing source code for codebase default to determine what to deploy 
[debug] [2025-09-10T18:14:17.037Z] Could not find functions.yaml. Must use http discovery
[debug] [2025-09-10T18:14:17.052Z] Found firebase-functions binary at 'C:\FitQuest\functions\node_modules\.bin\firebase-functions'
[info] Serving at port 8913

[debug] [2025-09-10T18:14:18.520Z] Got response from /__/functions.yaml {"endpoints":{"submitExercise":{"availableMemoryMb":null,"timeoutSeconds":null,"minInstances":null,"maxInstances":null,"ingressSettings":null,"concurrency":null,"serviceAccountEmail":null,"vpc":null,"platform":"gcfv2","region":["asia-southeast1"],"labels":{},"callableTrigger":{},"entryPoint":"submitExercise"},"createPvPMatch":{"availableMemoryMb":null,"timeoutSeconds":null,"minInstances":null,"maxInstances":null,"ingressSettings":null,"concurrency":null,"serviceAccountEmail":null,"vpc":null,"platform":"gcfv2","region":["asia-southeast1"],"labels":{},"callableTrigger":{},"entryPoint":"createPvPMatch"}},"specVersion":"v1alpha1","requiredAPIs":[],"extensions":{}}
[info] i  extensions: ensuring required API firebaseextensions.googleapis.com is enabled... 
[debug] [2025-09-10T18:14:22.576Z] > command requires scopes: ["email","openid","https://www.googleapis.com/auth/cloudplatformprojects.readonly","https://www.googleapis.com/auth/firebase","https://www.googleapis.com/auth/cloud-platform"]
[debug] [2025-09-10T18:14:22.576Z] > authorizing via signed-in user (johnrichmagbanua018@gmail.com)
[debug] [2025-09-10T18:14:22.577Z] [iam] checking project fitquest-6fb1b for permissions ["firebase.projects.get","firebaseextensions.instances.list"]
[debug] [2025-09-10T18:14:22.577Z] Checked if tokens are valid: true, expires at: 1757530866714
[debug] [2025-09-10T18:14:22.577Z] Checked if tokens are valid: true, expires at: 1757530866714
[debug] [2025-09-10T18:14:22.577Z] >>> [apiv2][query] POST https://cloudresourcemanager.googleapis.com/v1/projects/fitquest-6fb1b:testIamPermissions [none]
[debug] [2025-09-10T18:14:22.577Z] >>> [apiv2][(partial)header] POST https://cloudresourcemanager.googleapis.com/v1/projects/fitquest-6fb1b:testIamPermissions x-goog-quota-user=projects/fitquest-6fb1b
[debug] [2025-09-10T18:14:22.577Z] >>> [apiv2][body] POST https://cloudresourcemanager.googleapis.com/v1/projects/fitquest-6fb1b:testIamPermissions {"permissions":["firebase.projects.get","firebaseextensions.instances.list"]}
[debug] [2025-09-10T18:14:23.467Z] <<< [apiv2][status] POST https://cloudresourcemanager.googleapis.com/v1/projects/fitquest-6fb1b:testIamPermissions 200
[debug] [2025-09-10T18:14:23.467Z] <<< [apiv2][body] POST https://cloudresourcemanager.googleapis.com/v1/projects/fitquest-6fb1b:testIamPermissions {"permissions":["firebase.projects.get","firebaseextensions.instances.list"]}
[debug] [2025-09-10T18:14:23.467Z] Checked if tokens are valid: true, expires at: 1757530866714
[debug] [2025-09-10T18:14:23.467Z] Checked if tokens are valid: true, expires at: 1757530866714
[debug] [2025-09-10T18:14:23.468Z] >>> [apiv2][query] GET https://firebaseextensions.googleapis.com/v1beta/projects/fitquest-6fb1b/instances pageSize=100&pageToken=
[debug] [2025-09-10T18:14:24.551Z] <<< [apiv2][status] GET https://firebaseextensions.googleapis.com/v1beta/projects/fitquest-6fb1b/instances 200
[debug] [2025-09-10T18:14:24.551Z] <<< [apiv2][body] GET https://firebaseextensions.googleapis.com/v1beta/projects/fitquest-6fb1b/instances {}
[info] i  functions: preparing functions directory for uploading... 
[info] i  functions: packaged C:\FitQuest\functions (77.49 KB) for uploading 
[debug] [2025-09-10T18:14:24.631Z] Checked if tokens are valid: true, expires at: 1757530866714
[debug] [2025-09-10T18:14:24.631Z] Checked if tokens are valid: true, expires at: 1757530866714
[debug] [2025-09-10T18:14:24.631Z] >>> [apiv2][query] GET https://cloudfunctions.googleapis.com/v1/projects/fitquest-6fb1b/locations/-/functions [none]
[debug] [2025-09-10T18:14:25.446Z] <<< [apiv2][status] GET https://cloudfunctions.googleapis.com/v1/projects/fitquest-6fb1b/locations/-/functions 200
[debug] [2025-09-10T18:14:25.446Z] <<< [apiv2][body] GET https://cloudfunctions.googleapis.com/v1/projects/fitquest-6fb1b/locations/-/functions {}
[debug] [2025-09-10T18:14:25.447Z] Checked if tokens are valid: true, expires at: 1757530866714
[debug] [2025-09-10T18:14:25.447Z] Checked if tokens are valid: true, expires at: 1757530866714
[debug] [2025-09-10T18:14:25.448Z] >>> [apiv2][query] GET https://cloudfunctions.googleapis.com/v2/projects/fitquest-6fb1b/locations/-/functions filter=environment%3D%22GEN_2%22
[debug] [2025-09-10T18:14:26.751Z] <<< [apiv2][status] GET https://cloudfunctions.googleapis.com/v2/projects/fitquest-6fb1b/locations/-/functions 200
[debug] [2025-09-10T18:14:26.751Z] <<< [apiv2][body] GET https://cloudfunctions.googleapis.com/v2/projects/fitquest-6fb1b/locations/-/functions {"functions":[{"name":"projects/fitquest-6fb1b/locations/us-central1/functions/createPvPMatch","buildConfig":{"build":"projects/685429381478/locations/us-central1/builds/d5552820-9a6f-48c1-871c-bdc28a1e884e","runtime":"nodejs22","entryPoint":"createPvPMatch","source":{"storageSource":{"bucket":"gcf-v2-sources-685429381478-us-central1","object":"createPvPMatch/function-source.zip","generation":"1757526235543510"}},"environmentVariables":{"GOOGLE_NODE_RUN_SCRIPTS":""},"dockerRepository":"projects/fitquest-6fb1b/locations/us-central1/repositories/gcf-artifacts","sourceProvenance":{"resolvedStorageSource":{"bucket":"gcf-v2-sources-685429381478-us-central1","object":"createPvPMatch/function-source.zip","generation":"1757526235543510"}},"dockerRegistry":"ARTIFACT_REGISTRY","serviceAccount":"projects/fitquest-6fb1b/serviceAccounts/685429381478-compute@developer.gserviceaccount.com","automaticUpdatePolicy":{}},"serviceConfig":{"service":"projects/fitquest-6fb1b/locations/us-central1/services/createpvpmatch","timeoutSeconds":60,"environmentVariables":{"FIREBASE_CONFIG":"{\"projectId\":\"fitquest-6fb1b\",\"storageBucket\":\"fitquest-6fb1b.firebasestorage.app\"}","GCLOUD_PROJECT":"fitquest-6fb1b","EVENTARC_CLOUD_EVENT_SOURCE":"projects/fitquest-6fb1b/locations/us-central1/services/createPvPMatch","FUNCTION_TARGET":"createPvPMatch","LOG_EXECUTION_ID":"true","FUNCTION_SIGNATURE_TYPE":"http"},"maxInstanceCount":20,"ingressSettings":"ALLOW_ALL","uri":"https://createpvpmatch-gxw6lauwua-uc.a.run.app","serviceAccountEmail":"685429381478-compute@developer.gserviceaccount.com","availableMemory":"256Mi","allTrafficOnLatestRevision":true,"revision":"createpvpmatch-00001-ful","maxInstanceRequestConcurrency":80,"availableCpu":"1"},"state":"ACTIVE","updateTime":"2025-09-10T17:51:07.128261878Z","labels":{"firebase-functions-hash":"8326ee6b6bc6d48f061f74c03f7a9a1f79d83a58","deployment-tool":"cli-firebase","deployment-callable":"true"},"environment":"GEN_2","url":"https://us-central1-fitquest-6fb1b.cloudfunctions.net/createPvPMatch","createTime":"2025-09-10T17:43:55.771133091Z"},{"name":"projects/fitquest-6fb1b/locations/us-central1/functions/submitExercise","buildConfig":{"build":"projects/685429381478/locations/us-central1/builds/d5552820-9a6f-48c1-871c-bdc28a1e884e","runtime":"nodejs22","entryPoint":"submitExercise","source":{"storageSource":{"bucket":"gcf-v2-sources-685429381478-us-central1","object":"submitExercise/function-source.zip","generation":"1757526145553074"}},"environmentVariables":{"GOOGLE_NODE_RUN_SCRIPTS":""},"dockerRepository":"projects/fitquest-6fb1b/locations/us-central1/repositories/gcf-artifacts","sourceProvenance":{"resolvedStorageSource":{"bucket":"gcf-v2-sources-685429381478-us-central1","object":"submitExercise/function-source.zip","generation":"1757526145553074"}},"dockerRegistry":"ARTIFACT_REGISTRY","serviceAccount":"projects/fitquest-6fb1b/serviceAccounts/685429381478-compute@developer.gserviceaccount.com","automaticUpdatePolicy":{}},"serviceConfig":{"service":"projects/fitquest-6fb1b/locations/us-central1/services/submitexercise","timeoutSeconds":60,"environmentVariables":{"FIREBASE_CONFIG":"{\"projectId\":\"fitquest-6fb1b\",\"storageBucket\":\"fitquest-6fb1b.firebasestorage.app\"}","GCLOUD_PROJECT":"fitquest-6fb1b","EVENTARC_CLOUD_EVENT_SOURCE":"projects/fitquest-6fb1b/locations/us-central1/services/submitExercise","FUNCTION_TARGET":"submitExercise","LOG_EXECUTION_ID":"true"},"maxInstanceCount":20,"ingressSettings":"ALLOW_ALL","uri":"https://submitexercise-gxw6lauwua-uc.a.run.app","serviceAccountEmail":"685429381478-compute@developer.gserviceaccount.com","availableMemory":"256Mi","allTrafficOnLatestRevision":true,"revision":"submitexercise-00001-vet","maxInstanceRequestConcurrency":80,"availableCpu":"1"},"state":"ACTIVE","updateTime":"2025-09-10T17:51:07.117056857Z","labels":{"deployment-tool":"cli-firebase","deployment-callable":"true","firebase-functions-hash":"8326ee6b6bc6d48f061f74c03f7a9a1f79d83a58"},"environment":"GEN_2","url":"https://us-central1-fitquest-6fb1b.cloudfunctions.net/submitExercise","createTime":"2025-09-10T17:42:25.955540119Z"}]}
[info] i  functions: ensuring required API run.googleapis.com is enabled... 
[info] i  functions: ensuring required API eventarc.googleapis.com is enabled... 
[info] i  functions: ensuring required API pubsub.googleapis.com is enabled... 
[info] i  functions: ensuring required API storage.googleapis.com is enabled... 
[info] i  functions: generating the service identity for pubsub.googleapis.com... 
[debug] [2025-09-10T18:14:26.763Z] Checked if tokens are valid: true, expires at: 1757530866714
[debug] [2025-09-10T18:14:26.763Z] Checked if tokens are valid: true, expires at: 1757530866714
[info] i  functions: generating the service identity for eventarc.googleapis.com... 
[debug] [2025-09-10T18:14:26.764Z] Checked if tokens are valid: true, expires at: 1757530866714
[debug] [2025-09-10T18:14:26.764Z] Checked if tokens are valid: true, expires at: 1757530866714
[debug] [2025-09-10T18:14:26.764Z] >>> [apiv2][query] POST https://serviceusage.googleapis.com/v1beta1/projects/685429381478/services/pubsub.googleapis.com:generateServiceIdentity [none]
[debug] [2025-09-10T18:14:26.764Z] >>> [apiv2][(partial)header] POST https://serviceusage.googleapis.com/v1beta1/projects/685429381478/services/pubsub.googleapis.com:generateServiceIdentity x-goog-quota-user=projects/685429381478
[debug] [2025-09-10T18:14:26.764Z] >>> [apiv2][body] POST https://serviceusage.googleapis.com/v1beta1/projects/685429381478/services/pubsub.googleapis.com:generateServiceIdentity {}
[debug] [2025-09-10T18:14:26.767Z] >>> [apiv2][query] POST https://serviceusage.googleapis.com/v1beta1/projects/685429381478/services/eventarc.googleapis.com:generateServiceIdentity [none]
[debug] [2025-09-10T18:14:26.767Z] >>> [apiv2][(partial)header] POST https://serviceusage.googleapis.com/v1beta1/projects/685429381478/services/eventarc.googleapis.com:generateServiceIdentity x-goog-quota-user=projects/685429381478
[debug] [2025-09-10T18:14:26.767Z] >>> [apiv2][body] POST https://serviceusage.googleapis.com/v1beta1/projects/685429381478/services/eventarc.googleapis.com:generateServiceIdentity {}
[debug] [2025-09-10T18:14:28.084Z] <<< [apiv2][status] POST https://serviceusage.googleapis.com/v1beta1/projects/685429381478/services/pubsub.googleapis.com:generateServiceIdentity 200
[debug] [2025-09-10T18:14:28.084Z] <<< [apiv2][body] POST https://serviceusage.googleapis.com/v1beta1/projects/685429381478/services/pubsub.googleapis.com:generateServiceIdentity {"name":"operations/finished.DONE_OPERATION","done":true,"response":{"@type":"type.googleapis.com/google.api.serviceusage.v1beta1.ServiceIdentity","email":"service-685429381478@gcp-sa-pubsub.iam.gserviceaccount.com","uniqueId":"111809385040418704804"}}
[debug] [2025-09-10T18:14:28.096Z] <<< [apiv2][status] POST https://serviceusage.googleapis.com/v1beta1/projects/685429381478/services/eventarc.googleapis.com:generateServiceIdentity 200
[debug] [2025-09-10T18:14:28.096Z] <<< [apiv2][body] POST https://serviceusage.googleapis.com/v1beta1/projects/685429381478/services/eventarc.googleapis.com:generateServiceIdentity {"name":"operations/finished.DONE_OPERATION","done":true,"response":{"@type":"type.googleapis.com/google.api.serviceusage.v1beta1.ServiceIdentity","email":"service-685429381478@gcp-sa-eventarc.iam.gserviceaccount.com","uniqueId":"114871643413622883736"}}
[debug] [2025-09-10T18:14:28.101Z] Checked if tokens are valid: true, expires at: 1757530866714
[debug] [2025-09-10T18:14:28.101Z] Checked if tokens are valid: true, expires at: 1757530866714
[debug] [2025-09-10T18:14:28.101Z] >>> [apiv2][query] GET https://cloudresourcemanager.googleapis.com/v1/projects/fitquest-6fb1b [none]
[debug] [2025-09-10T18:14:28.327Z] <<< [apiv2][status] GET https://cloudresourcemanager.googleapis.com/v1/projects/fitquest-6fb1b 200
[debug] [2025-09-10T18:14:28.327Z] <<< [apiv2][body] GET https://cloudresourcemanager.googleapis.com/v1/projects/fitquest-6fb1b {"projectNumber":"685429381478","projectId":"fitquest-6fb1b","lifecycleState":"ACTIVE","name":"FitQuest","labels":{"firebase":"enabled","firebase-core":"disabled","generative-language":"enabled"},"createTime":"2025-09-10T14:07:30.836231Z"}
[debug] [2025-09-10T18:14:28.328Z] Checked if tokens are valid: true, expires at: 1757530866714
[debug] [2025-09-10T18:14:28.328Z] Checked if tokens are valid: true, expires at: 1757530866714
[debug] [2025-09-10T18:14:28.328Z] >>> [apiv2][query] GET https://compute.googleapis.com/compute/v1/projects/685429381478 [none]
[debug] [2025-09-10T18:14:29.433Z] <<< [apiv2][status] GET https://compute.googleapis.com/compute/v1/projects/685429381478 403
[debug] [2025-09-10T18:14:29.434Z] <<< [apiv2][body] GET https://compute.googleapis.com/compute/v1/projects/685429381478 {"error":{"code":403,"message":"Compute Engine API has not been used in project 685429381478 before or it is disabled. Enable it by visiting https://console.developers.google.com/apis/api/compute.googleapis.com/overview?project=685429381478 then retry. If you enabled this API recently, wait a few minutes for the action to propagate to our systems and retry.","errors":[{"message":"Compute Engine API has not been used in project 685429381478 before or it is disabled. Enable it by visiting https://console.developers.google.com/apis/api/compute.googleapis.com/overview?project=685429381478 then retry. If you enabled this API recently, wait a few minutes for the action to propagate to our systems and retry.","domain":"usageLimits","reason":"accessNotConfigured","extendedHelp":"https://console.developers.google.com"}],"status":"PERMISSION_DENIED","details":[{"@type":"type.googleapis.com/google.rpc.ErrorInfo","reason":"SERVICE_DISABLED","domain":"googleapis.com","metadata":{"activationUrl":"https://console.developers.google.com/apis/api/compute.googleapis.com/overview?project=685429381478","consumer":"projects/685429381478","service":"compute.googleapis.com","containerInfo":"685429381478","serviceTitle":"Compute Engine API"}},{"@type":"type.googleapis.com/google.rpc.LocalizedMessage","locale":"en-US","message":"Compute Engine API has not been used in project 685429381478 before or it is disabled. Enable it by visiting https://console.developers.google.com/apis/api/compute.googleapis.com/overview?project=685429381478 then retry. If you enabled this API recently, wait a few minutes for the action to propagate to our systems and retry."},{"@type":"type.googleapis.com/google.rpc.Help","links":[{"description":"Google developers console API activation","url":"https://console.developers.google.com/apis/api/compute.googleapis.com/overview?project=685429381478"}]}]}}
[debug] [2025-09-10T18:14:29.434Z] unable to look up default compute service account. Falling back to 685429381478-compute@developer.gserviceaccount.com. Error: {"name":"FirebaseError","children":[],"context":{"body":{"error":{"code":403,"message":"Compute Engine API has not been used in project 685429381478 before or it is disabled. Enable it by visiting https://console.developers.google.com/apis/api/compute.googleapis.com/overview?project=685429381478 then retry. If you enabled this API recently, wait a few minutes for the action to propagate to our systems and retry.","errors":[{"message":"Compute Engine API has not been used in project 685429381478 before or it is disabled. Enable it by visiting https://console.developers.google.com/apis/api/compute.googleapis.com/overview?project=685429381478 then retry. If you enabled this API recently, wait a few minutes for the action to propagate to our systems and retry.","domain":"usageLimits","reason":"accessNotConfigured","extendedHelp":"https://console.developers.google.com"}],"status":"PERMISSION_DENIED","details":[{"@type":"type.googleapis.com/google.rpc.ErrorInfo","reason":"SERVICE_DISABLED","domain":"googleapis.com","metadata":{"activationUrl":"https://console.developers.google.com/apis/api/compute.googleapis.com/overview?project=685429381478","consumer":"projects/685429381478","service":"compute.googleapis.com","containerInfo":"685429381478","serviceTitle":"Compute Engine API"}},{"@type":"type.googleapis.com/google.rpc.LocalizedMessage","locale":"en-US","message":"Compute Engine API has not been used in project 685429381478 before or it is disabled. Enable it by visiting https://console.developers.google.com/apis/api/compute.googleapis.com/overview?project=685429381478 then retry. If you enabled this API recently, wait a few minutes for the action to propagate to our systems and retry."},{"@type":"type.googleapis.com/google.rpc.Help","links":[{"description":"Google developers console API activation","url":"https://console.developers.google.com/apis/api/compute.googleapis.com/overview?project=685429381478"}]}]}},"response":{"statusCode":403}},"exit":1,"message":"Request to https://compute.googleapis.com/compute/v1/projects/685429381478 had HTTP Error: 403, Compute Engine API has not been used in project 685429381478 before or it is disabled. Enable it by visiting https://console.developers.google.com/apis/api/compute.googleapis.com/overview?project=685429381478 then retry. If you enabled this API recently, wait a few minutes for the action to propagate to our systems and retry.","status":403}
[debug] [2025-09-10T18:14:29.434Z] Checked if tokens are valid: true, expires at: 1757530866714
[debug] [2025-09-10T18:14:29.434Z] Checked if tokens are valid: true, expires at: 1757530866714
[debug] [2025-09-10T18:14:29.435Z] >>> [apiv2][query] GET https://compute.googleapis.com/compute/v1/projects/685429381478 [none]
[debug] [2025-09-10T18:14:30.397Z] <<< [apiv2][status] GET https://compute.googleapis.com/compute/v1/projects/685429381478 403
[debug] [2025-09-10T18:14:30.397Z] <<< [apiv2][body] GET https://compute.googleapis.com/compute/v1/projects/685429381478 {"error":{"code":403,"message":"Compute Engine API has not been used in project 685429381478 before or it is disabled. Enable it by visiting https://console.developers.google.com/apis/api/compute.googleapis.com/overview?project=685429381478 then retry. If you enabled this API recently, wait a few minutes for the action to propagate to our systems and retry.","errors":[{"message":"Compute Engine API has not been used in project 685429381478 before or it is disabled. Enable it by visiting https://console.developers.google.com/apis/api/compute.googleapis.com/overview?project=685429381478 then retry. If you enabled this API recently, wait a few minutes for the action to propagate to our systems and retry.","domain":"usageLimits","reason":"accessNotConfigured","extendedHelp":"https://console.developers.google.com"}],"status":"PERMISSION_DENIED","details":[{"@type":"type.googleapis.com/google.rpc.ErrorInfo","reason":"SERVICE_DISABLED","domain":"googleapis.com","metadata":{"containerInfo":"685429381478","service":"compute.googleapis.com","serviceTitle":"Compute Engine API","activationUrl":"https://console.developers.google.com/apis/api/compute.googleapis.com/overview?project=685429381478","consumer":"projects/685429381478"}},{"@type":"type.googleapis.com/google.rpc.LocalizedMessage","locale":"en-US","message":"Compute Engine API has not been used in project 685429381478 before or it is disabled. Enable it by visiting https://console.developers.google.com/apis/api/compute.googleapis.com/overview?project=685429381478 then retry. If you enabled this API recently, wait a few minutes for the action to propagate to our systems and retry."},{"@type":"type.googleapis.com/google.rpc.Help","links":[{"description":"Google developers console API activation","url":"https://console.developers.google.com/apis/api/compute.googleapis.com/overview?project=685429381478"}]}]}}
[debug] [2025-09-10T18:14:30.398Z] unable to look up default compute service account. Falling back to 685429381478-compute@developer.gserviceaccount.com. Error: {"name":"FirebaseError","children":[],"context":{"body":{"error":{"code":403,"message":"Compute Engine API has not been used in project 685429381478 before or it is disabled. Enable it by visiting https://console.developers.google.com/apis/api/compute.googleapis.com/overview?project=685429381478 then retry. If you enabled this API recently, wait a few minutes for the action to propagate to our systems and retry.","errors":[{"message":"Compute Engine API has not been used in project 685429381478 before or it is disabled. Enable it by visiting https://console.developers.google.com/apis/api/compute.googleapis.com/overview?project=685429381478 then retry. If you enabled this API recently, wait a few minutes for the action to propagate to our systems and retry.","domain":"usageLimits","reason":"accessNotConfigured","extendedHelp":"https://console.developers.google.com"}],"status":"PERMISSION_DENIED","details":[{"@type":"type.googleapis.com/google.rpc.ErrorInfo","reason":"SERVICE_DISABLED","domain":"googleapis.com","metadata":{"containerInfo":"685429381478","service":"compute.googleapis.com","serviceTitle":"Compute Engine API","activationUrl":"https://console.developers.google.com/apis/api/compute.googleapis.com/overview?project=685429381478","consumer":"projects/685429381478"}},{"@type":"type.googleapis.com/google.rpc.LocalizedMessage","locale":"en-US","message":"Compute Engine API has not been used in project 685429381478 before or it is disabled. Enable it by visiting https://console.developers.google.com/apis/api/compute.googleapis.com/overview?project=685429381478 then retry. If you enabled this API recently, wait a few minutes for the action to propagate to our systems and retry."},{"@type":"type.googleapis.com/google.rpc.Help","links":[{"description":"Google developers console API activation","url":"https://console.developers.google.com/apis/api/compute.googleapis.com/overview?project=685429381478"}]}]}},"response":{"statusCode":403}},"exit":1,"message":"Request to https://compute.googleapis.com/compute/v1/projects/685429381478 had HTTP Error: 403, Compute Engine API has not been used in project 685429381478 before or it is disabled. Enable it by visiting https://console.developers.google.com/apis/api/compute.googleapis.com/overview?project=685429381478 then retry. If you enabled this API recently, wait a few minutes for the action to propagate to our systems and retry.","status":403}
[debug] [2025-09-10T18:14:30.399Z] Checked if tokens are valid: true, expires at: 1757530866714
[debug] [2025-09-10T18:14:30.399Z] Checked if tokens are valid: true, expires at: 1757530866714
[debug] [2025-09-10T18:14:30.399Z] >>> [apiv2][query] GET https://cloudbilling.googleapis.com/v1/projects/fitquest-6fb1b/billingInfo [none]
[debug] [2025-09-10T18:14:31.573Z] <<< [apiv2][status] GET https://cloudbilling.googleapis.com/v1/projects/fitquest-6fb1b/billingInfo 200
[debug] [2025-09-10T18:14:31.573Z] <<< [apiv2][body] GET https://cloudbilling.googleapis.com/v1/projects/fitquest-6fb1b/billingInfo {"name":"projects/fitquest-6fb1b/billingInfo","projectId":"fitquest-6fb1b","billingAccountName":"","billingEnabled":false}
[debug] [2025-09-10T18:14:31.573Z] Checked if tokens are valid: true, expires at: 1757530866714
[debug] [2025-09-10T18:14:31.573Z] Checked if tokens are valid: true, expires at: 1757530866714
[debug] [2025-09-10T18:14:31.573Z] >>> [apiv2][query] GET https://cloudbilling.googleapis.com/v1/billingAccounts [none]
[debug] [2025-09-10T18:14:32.622Z] <<< [apiv2][status] GET https://cloudbilling.googleapis.com/v1/billingAccounts 200
[debug] [2025-09-10T18:14:32.622Z] <<< [apiv2][body] GET https://cloudbilling.googleapis.com/v1/billingAccounts {"billingAccounts":[{"name":"billingAccounts/012E2D-FC45D4-F0AD59","open":true,"displayName":"My Billing Account","masterBillingAccount":"","parent":"","currencyCode":"USD"}],"nextPageToken":""}
[debug] [2025-09-10T18:16:57.060Z] Checked if tokens are valid: true, expires at: 1757530866714
[debug] [2025-09-10T18:16:57.061Z] Checked if tokens are valid: true, expires at: 1757530866714
[debug] [2025-09-10T18:16:57.061Z] >>> [apiv2][query] PUT https://cloudbilling.googleapis.com/v1/projects/fitquest-6fb1b/billingInfo [none]
[debug] [2025-09-10T18:16:57.061Z] >>> [apiv2][body] PUT https://cloudbilling.googleapis.com/v1/projects/fitquest-6fb1b/billingInfo {"billingAccountName":"billingAccounts/012E2D-FC45D4-F0AD59"}
[debug] [2025-09-10T18:17:00.201Z] <<< [apiv2][status] PUT https://cloudbilling.googleapis.com/v1/projects/fitquest-6fb1b/billingInfo 200
[debug] [2025-09-10T18:17:00.202Z] <<< [apiv2][body] PUT https://cloudbilling.googleapis.com/v1/projects/fitquest-6fb1b/billingInfo {"name":"projects/fitquest-6fb1b/billingInfo","projectId":"fitquest-6fb1b","billingAccountName":"billingAccounts/012E2D-FC45D4-F0AD59","billingEnabled":true}
[info] +  extensions: fitquest-6fb1b has successfully been upgraded. 
[debug] [2025-09-10T18:17:00.205Z] Checked if tokens are valid: true, expires at: 1757530866714
[debug] [2025-09-10T18:17:00.205Z] Checked if tokens are valid: true, expires at: 1757530866714
[debug] [2025-09-10T18:17:00.206Z] >>> [apiv2][query] POST https://cloudfunctions.googleapis.com/v2/projects/fitquest-6fb1b/locations/asia-southeast1/functions:generateUploadUrl [none]
[debug] [2025-09-10T18:17:03.660Z] <<< [apiv2][status] POST https://cloudfunctions.googleapis.com/v2/projects/fitquest-6fb1b/locations/asia-southeast1/functions:generateUploadUrl 200
[debug] [2025-09-10T18:17:03.660Z] <<< [apiv2][body] POST https://cloudfunctions.googleapis.com/v2/projects/fitquest-6fb1b/locations/asia-southeast1/functions:generateUploadUrl {"uploadUrl":"https://storage.googleapis.com/gcf-v2-uploads-685429381478.asia-southeast1.cloudfunctions.appspot.com/8cd93603-f475-4a53-bab0-9097ada66fbb.zip?GoogleAccessId=service-685429381478@gcf-admin-robot.iam.gserviceaccount.com&Expires=1757530025&Signature=Lb%2FUR%2Ffsw%2B1PZWRIWpEduruF2vH7UJcUqaH88vI8VbgNK2QVAqzgRqcihikH%2BMLu31TJGxHi42YnE5sCNCeb2cMFdKpbJnJRr1M3kYNfYpx6SNtA4wva0%2FzxLJRvNo8k1rErWYzXiL7WQNH%2BLztVUSsejPTTyrZuMM%2Bg9au6kSCjBllaIGvmHE%2FwiZ80UdB%2B1y4OjhKjFeK09%2BAUk9rp4v1REHQGxvKrNEMkjDdsXkJ3bh4kIucCZGETmEQUj9gZhSnJbST09HzuHthnbXVJcAk0u8l73OBlQSP%2B71C5NDZ9%2F0WWFZs9BpMc3xHMAe304ec7BvM54AUVcUDqye8uPA%3D%3D","storageSource":{"bucket":"gcf-v2-uploads-685429381478.asia-southeast1.cloudfunctions.appspot.com","object":"8cd93603-f475-4a53-bab0-9097ada66fbb.zip"}}
[debug] [2025-09-10T18:17:03.661Z] >>> [apiv2][query] PUT https://storage.googleapis.com/gcf-v2-uploads-685429381478.asia-southeast1.cloudfunctions.appspot.com/8cd93603-f475-4a53-bab0-9097ada66fbb.zip GoogleAccessId=service-685429381478%40gcf-admin-robot.iam.gserviceaccount.com&Expires=1757530025&Signature=Lb%2FUR%2Ffsw%2B1PZWRIWpEduruF2vH7UJcUqaH88vI8VbgNK2QVAqzgRqcihikH%2BMLu31TJGxHi42YnE5sCNCeb2cMFdKpbJnJRr1M3kYNfYpx6SNtA4wva0%2FzxLJRvNo8k1rErWYzXiL7WQNH%2BLztVUSsejPTTyrZuMM%2Bg9au6kSCjBllaIGvmHE%2FwiZ80UdB%2B1y4OjhKjFeK09%2BAUk9rp4v1REHQGxvKrNEMkjDdsXkJ3bh4kIucCZGETmEQUj9gZhSnJbST09HzuHthnbXVJcAk0u8l73OBlQSP%2B71C5NDZ9%2F0WWFZs9BpMc3xHMAe304ec7BvM54AUVcUDqye8uPA%3D%3D
[debug] [2025-09-10T18:17:03.662Z] >>> [apiv2][body] PUT https://storage.googleapis.com/gcf-v2-uploads-685429381478.asia-southeast1.cloudfunctions.appspot.com/8cd93603-f475-4a53-bab0-9097ada66fbb.zip [stream]
[debug] [2025-09-10T18:17:04.133Z] <<< [apiv2][status] PUT https://storage.googleapis.com/gcf-v2-uploads-685429381478.asia-southeast1.cloudfunctions.appspot.com/8cd93603-f475-4a53-bab0-9097ada66fbb.zip 200
